[2025-06-12 10:17:16] Error en configuración general: Error al subir logo: Tipo de archivo no permitido
[2025-06-12 10:17:45] Error en configuración general: Error al subir logo: Tipo de archivo no permitido
[2025-06-12 10:18:06] Error en configuración general: Error al subir favicon: Tipo de archivo no permitido
[2025-06-12 10:31:40] Error en banners: Error al subir imagen: Tipo de archivo no permitido
[2025-06-12 10:46:21] Error en categorías: Error al subir imagen: Tipo de archivo no permitido
[2025-06-12 10:46:30] Error en categorías: Error al subir imagen: Tipo de archivo no permitido
[2025-06-12 11:23:43] Error en categorías: Error al subir imagen: Tipo de archivo no permitido
[2025-06-12 23:25:46] Error en productos: Ya existe esa versión para este producto
[2025-06-12 23:29:57] Error en productos: Ya existe esa versión para este producto
[2025-06-12 23:30:57] Error en productos: Ya existe esa versión para este producto
[2025-06-13 08:20:32] Error en página dinámica: SQLSTATE[42S22]: Column not found: 1054 Unknown column 'view_count' in 'field list'
[2025-06-13 08:20:39] Error en página dinámica: SQLSTATE[42S22]: Column not found: 1054 Unknown column 'view_count' in 'field list'
[2025-06-13 08:23:14] Error en página dinámica: SQLSTATE[42S22]: Column not found: 1054 Unknown column 'view_count' in 'field list'
[2025-06-13 08:23:25] Error en página dinámica: SQLSTATE[42S22]: Column not found: 1054 Unknown column 'view_count' in 'field list'
[2025-06-13 08:33:41] Error en página dinámica: SQLSTATE[42S22]: Column not found: 1054 Unknown column 'view_count' in 'field list'
[2025-06-13 08:33:42] Error en página dinámica: SQLSTATE[42S22]: Column not found: 1054 Unknown column 'view_count' in 'field list'
[2025-06-13 08:36:43] Error en página dinámica: SQLSTATE[42S22]: Column not found: 1054 Unknown column 'view_count' in 'field list'
[2025-06-13 08:36:53] Error en página dinámica: SQLSTATE[42S22]: Column not found: 1054 Unknown column 'view_count' in 'field list'
[2025-06-13 08:36:56] Error en página dinámica: SQLSTATE[42S22]: Column not found: 1054 Unknown column 'view_count' in 'field list'
[2025-06-13 08:38:17] Error en página dinámica: SQLSTATE[42S22]: Column not found: 1054 Unknown column 'view_count' in 'field list'
[2025-06-13 08:38:19] Error en página dinámica: SQLSTATE[42S22]: Column not found: 1054 Unknown column 'view_count' in 'field list'
